\BOOKMARK [1][-]{section.1}{Introduction}{}% 1
\BOOKMARK [2][-]{subsection.1.1}{Motivation}{section.1}% 2
\BOOKMARK [2][-]{subsection.1.2}{The structure of this report}{section.1}% 3
\BOOKMARK [1][-]{section.2}{Theory}{}% 4
\BOOKMARK [2][-]{subsection.2.1}{Galaxy formation}{section.2}% 5
\BOOKMARK [3][-]{subsubsection.2.1.1}{Dark matter halos}{subsection.2.1}% 6
\BOOKMARK [3][-]{subsubsection.2.1.2}{Galaxies}{subsection.2.1}% 7
\BOOKMARK [3][-]{subsubsection.2.1.3}{Stellar-to-Halo mass relation}{subsection.2.1}% 8
\BOOKMARK [2][-]{subsection.2.2}{Galaxy evolution and classification}{section.2}% 9
\BOOKMARK [3][-]{subsubsection.2.2.1}{Elliptical \(early type\) galaxies}{subsection.2.2}% 10
\BOOKMARK [3][-]{subsubsection.2.2.2}{Spiral \(late type\) galaxies}{subsection.2.2}% 11
\BOOKMARK [2][-]{subsection.2.3}{Galaxy properties}{section.2}% 12
\BOOKMARK [3][-]{subsubsection.2.3.1}{The Tully-Fisher relation}{subsection.2.3}% 13
\BOOKMARK [3][-]{subsubsection.2.3.2}{The Faber-Jackson relation and the Fundamental Plane}{subsection.2.3}% 14
\BOOKMARK [3][-]{subsubsection.2.3.3}{Color bimodality}{subsection.2.3}% 15
\BOOKMARK [3][-]{subsubsection.2.3.4}{Supermassive Black Holes}{subsection.2.3}% 16
\BOOKMARK [1][-]{section.3}{Method}{}% 17
\BOOKMARK [2][-]{subsection.3.1}{IllustrisTNG}{section.3}% 18
\BOOKMARK [3][-]{subsubsection.3.1.1}{The simulations}{subsection.3.1}% 19
\BOOKMARK [3][-]{subsubsection.3.1.2}{Data cataloges}{subsection.3.1}% 20
\BOOKMARK [3][-]{subsubsection.3.1.3}{Selection criteria}{subsection.3.1}% 21
\BOOKMARK [2][-]{subsection.3.2}{Observational data}{section.3}% 22
\BOOKMARK [3][-]{subsubsection.3.2.1}{SAMI Galaxy Survey}{subsection.3.2}% 23
\BOOKMARK [3][-]{subsubsection.3.2.2}{Other data sets}{subsection.3.2}% 24
\BOOKMARK [2][-]{subsection.3.3}{Calculating properties}{section.3}% 25
\BOOKMARK [3][-]{subsubsection.3.3.1}{Separating out early and late type galaxies}{subsection.3.3}% 26
\BOOKMARK [3][-]{subsubsection.3.3.2}{Circular velocities}{subsection.3.3}% 27
\BOOKMARK [3][-]{subsubsection.3.3.3}{Effective radius}{subsection.3.3}% 28
\BOOKMARK [3][-]{subsubsection.3.3.4}{Dynamical mass?}{subsection.3.3}% 29
\BOOKMARK [1][-]{section.4}{Results and discussions}{}% 30
\BOOKMARK [1][-]{section.5}{Conclusions}{}% 31
